<?xml version="1.0" encoding="UTF-8"?>
<!-- Generated by org.testng.reporters.JUnitXMLReporter -->
<testsuite hostname="LE" ignored="3" name="测试" tests="33" failures="1" timestamp="2021-08-02T21:38:16 CST" time="13.782" errors="0">
  <testcase name="register" time="4.153" classname="com.lemon.testcases.RegisterTest">
    <failure type="java.lang.AssertionError" message="expected [1] but found [0]">
      <![CDATA[java.lang.AssertionError: expected [1] but found [0]
at com.lemon.common.BaseTest.assertResponse(BaseTest.java:119)
at com.lemon.testcases.RegisterTest.register(RegisterTest.java:50)
at java.util.ArrayList.forEach(ArrayList.java:1249)
... Removed 35 stack frames]]>
    </failure>
  </testcase> <!-- register -->
  <testcase name="register" time="0.346" classname="com.lemon.testcases.RegisterTest"/>
  <testcase name="register" time="0.338" classname="com.lemon.testcases.RegisterTest"/>
  <testcase name="register" time="0.185" classname="com.lemon.testcases.RegisterTest"/>
  <testcase name="register" time="0.16" classname="com.lemon.testcases.RegisterTest"/>
  <testcase name="register" time="0.192" classname="com.lemon.testcases.RegisterTest"/>
  <testcase name="register" time="0.156" classname="com.lemon.testcases.RegisterTest"/>
  <testcase name="register" time="0.147" classname="com.lemon.testcases.RegisterTest"/>
  <testcase name="register" time="0.179" classname="com.lemon.testcases.RegisterTest"/>
  <testcase name="register" time="0.16" classname="com.lemon.testcases.RegisterTest"/>
  <testcase name="register" time="0.171" classname="com.lemon.testcases.RegisterTest"/>
  <testcase name="register" time="0.147" classname="com.lemon.testcases.RegisterTest"/>
  <testcase name="register" time="0.132" classname="com.lemon.testcases.RegisterTest"/>
  <testcase name="register" time="0.124" classname="com.lemon.testcases.RegisterTest"/>
  <testcase name="login" time="0.238" classname="com.lemon.testcases.LoginTest"/>
  <testcase name="login" time="0.14" classname="com.lemon.testcases.LoginTest"/>
  <testcase name="login" time="0.143" classname="com.lemon.testcases.LoginTest"/>
  <testcase name="login" time="0.146" classname="com.lemon.testcases.LoginTest"/>
  <testcase name="login" time="0.131" classname="com.lemon.testcases.LoginTest"/>
  <testcase name="login" time="0.132" classname="com.lemon.testcases.LoginTest"/>
  <testcase name="login" time="0.169" classname="com.lemon.testcases.LoginTest"/>
  <testcase name="login" time="0.148" classname="com.lemon.testcases.LoginTest"/>
  <testcase name="login" time="0.108" classname="com.lemon.testcases.LoginTest"/>
  <testcase name="login" time="0.177" classname="com.lemon.testcases.LoginTest"/>
  <testcase name="login" time="0.166" classname="com.lemon.testcases.LoginTest"/>
  <testcase name="login" time="0.167" classname="com.lemon.testcases.LoginTest"/>
  <testcase name="login" time="0.159" classname="com.lemon.testcases.LoginTest"/>
  <testcase name="user_info" time="0.142" classname="com.lemon.testcases.GetUserInfoTest"/>
  <testcase name="user_info" time="0.169" classname="com.lemon.testcases.GetUserInfoTest"/>
  <testcase name="user_info" time="0.302" classname="com.lemon.testcases.GetUserInfoTest"/>
  <testcase name="investFlow" time="0.188" classname="com.lemon.testcases.InvestFlowTest"/>
  <testcase name="investFlow" time="0.139" classname="com.lemon.testcases.InvestFlowTest"/>
  <testcase name="investFlow" time="0.088" classname="com.lemon.testcases.InvestFlowTest"/>
  <testcase name="@BeforeSuite beforeSuite" time="0.0" classname="com.lemon.common.BaseTest">
    <ignored/>
  </testcase> <!-- @BeforeSuite beforeSuite -->
  <testcase name="@BeforeSuite beforeSuite" time="0.0" classname="com.lemon.common.BaseTest">
    <ignored/>
  </testcase> <!-- @BeforeSuite beforeSuite -->
  <testcase name="@BeforeSuite beforeSuite" time="0.0" classname="com.lemon.common.BaseTest">
    <ignored/>
  </testcase> <!-- @BeforeSuite beforeSuite -->
</testsuite> <!-- 测试 -->
