<?xml version="1.0" encoding="UTF-8"?>
<testsuite xmlns:xsi="http://www.w3.org/2001/XMLSchema-instance" xsi:noNamespaceSchemaLocation="https://maven.apache.org/surefire/maven-surefire-plugin/xsd/surefire-test-report.xsd" name="TestSuite" time="20.611" tests="33" errors="0" skipped="0" failures="1">
  <properties>
[...]
</properties>
  <testcase name="register" classname="com.lemon.testcases.RegisterTest" time="4.249">
    <failure message="expected [1] but found [0]" type="java.lang.AssertionError">java.lang.AssertionError: expected [1] but found [0]
	at com.lemon.testcases.RegisterTest.register(RegisterTest.java:50)
</failure>
    <system-out><![CDATA[Request method:	POST
Request URI:	http://api.lemonban.com/futureloan/member/register
Proxy:			<none>
Request params:	<none>
Query params:	<none>
Form params:	<none>
Path params:	<none>
Headers:		X-Lemonban-Media-Type=lemonban.v2
				Accept=*/*
				Content-Type=application/json; charset=UTF-8
Cookies:		<none>
Multiparts:		<none>
Body:
{
    "mobile_phone": "13300718363",
    "pwd": "lemon12345678901",
    "type": ""
}
HTTP/1.1 200 
Server: nginx/1.4.2
Date: Mon, 02 Aug 2021 13:38:10 GMT
Content-Type: application/json;charset=UTF-8
Transfer-Encoding: chunked
Connection: keep-alive

{
    "code": 0,
    "msg": "OK",
    "data": {
        "id": 123480965,
        "reg_name": "小柠檬",
        "mobile_phone": "13300718363"
    },
    "copyright": "Copyright 柠檬班 ? 2017-2020 湖南省零檬信息技术有限公司 All Rights Reserved"
}
]]></system-out>
    <system-err><![CDATA[SLF4J: Failed to load class "org.slf4j.impl.StaticLoggerBinder".
SLF4J: Defaulting to no-operation (NOP) logger implementation
SLF4J: See http://www.slf4j.org/codes.html#StaticLoggerBinder for further details.
]]></system-err>
  </testcase>
  <testcase name="register" classname="com.lemon.testcases.RegisterTest" time="0.352"/>
  <testcase name="register" classname="com.lemon.testcases.RegisterTest" time="0.418"/>
  <testcase name="register" classname="com.lemon.testcases.RegisterTest" time="0.365"/>
  <testcase name="register" classname="com.lemon.testcases.RegisterTest" time="0.135"/>
  <testcase name="register" classname="com.lemon.testcases.RegisterTest" time="0.121"/>
  <testcase name="register" classname="com.lemon.testcases.RegisterTest" time="0.112"/>
  <testcase name="register" classname="com.lemon.testcases.RegisterTest" time="0.116"/>
  <testcase name="register" classname="com.lemon.testcases.RegisterTest" time="0.178"/>
  <testcase name="register" classname="com.lemon.testcases.RegisterTest" time="0.159"/>
  <testcase name="register" classname="com.lemon.testcases.RegisterTest" time="0.17"/>
  <testcase name="register" classname="com.lemon.testcases.RegisterTest" time="0.146"/>
  <testcase name="register" classname="com.lemon.testcases.RegisterTest" time="0.131"/>
  <testcase name="register" classname="com.lemon.testcases.RegisterTest" time="0.135"/>
  <testcase name="login" classname="com.lemon.testcases.LoginTest" time="0.234"/>
  <testcase name="login" classname="com.lemon.testcases.LoginTest" time="0.143"/>
  <testcase name="login" classname="com.lemon.testcases.LoginTest" time="0.152"/>
  <testcase name="login" classname="com.lemon.testcases.LoginTest" time="0.174"/>
  <testcase name="login" classname="com.lemon.testcases.LoginTest" time="0.104"/>
  <testcase name="login" classname="com.lemon.testcases.LoginTest" time="0.157"/>
  <testcase name="login" classname="com.lemon.testcases.LoginTest" time="0.139"/>
  <testcase name="login" classname="com.lemon.testcases.LoginTest" time="0.132"/>
  <testcase name="login" classname="com.lemon.testcases.LoginTest" time="0.109"/>
  <testcase name="login" classname="com.lemon.testcases.LoginTest" time="0.171"/>
  <testcase name="login" classname="com.lemon.testcases.LoginTest" time="0.168"/>
  <testcase name="login" classname="com.lemon.testcases.LoginTest" time="0.171"/>
  <testcase name="login" classname="com.lemon.testcases.LoginTest" time="0.158"/>
  <testcase name="user_info" classname="com.lemon.testcases.GetUserInfoTest" time="0.147"/>
  <testcase name="user_info" classname="com.lemon.testcases.GetUserInfoTest" time="0.187"/>
  <testcase name="user_info" classname="com.lemon.testcases.GetUserInfoTest" time="0.363"/>
  <testcase name="investFlow" classname="com.lemon.testcases.InvestFlowTest" time="0.149"/>
  <testcase name="investFlow" classname="com.lemon.testcases.InvestFlowTest" time="0.139"/>
  <testcase name="investFlow" classname="com.lemon.testcases.InvestFlowTest" time="0.117"/>
</testsuite>