<?xml version="1.0" encoding="UTF-8"?>
<testng-results skipped="0" failed="1" ignored="3" total="36" passed="32">
  <reporter-output>
  </reporter-output>
  <suite name="测试套件" duration-ms="13782" started-at="2021-08-02T21:38:02 CST" finished-at="2021-08-02T21:38:16 CST">
    <groups>
    </groups>
    <test name="测试" duration-ms="13782" started-at="2021-08-02T21:38:02 CST" finished-at="2021-08-02T21:38:16 CST">
      <class name="com.lemon.testcases.GetUserInfoTest">
        <test-method status="PASS" signature="setup()[pri:0, instance:com.lemon.testcases.GetUserInfoTest@20b5f2ac]" name="setup" is-config="true" duration-ms="320" started-at="2021-08-02T21:38:14 CST" finished-at="2021-08-02T21:38:15 CST">
          <reporter-output>
          </reporter-output>
        </test-method> <!-- setup -->
        <test-method status="PASS" signature="user_info(com.lemon.pojo.CaseInfo)[pri:0, instance:com.lemon.testcases.GetUserInfoTest@20b5f2ac]" name="user_info" duration-ms="142" started-at="2021-08-02T21:38:15 CST" data-provider="getUserInfoDatas" finished-at="2021-08-02T21:38:15 CST">
          <params>
            <param index="0">
              <value>
                <![CDATA[CaseInfo{caseId=1, interfaceName='register', title='正常注册-普通用户，昵称为空，密码16位', requestHeader='{
 "X-Lemonban-Media-Type":"lemonban.v3",
 "Content-Type":"application/json"
}', method='POST', url='/member/register', inputParams='{
  "mobile_phone": "13324616068",
  "pwd": "lemon12345678901",
  "type":""
}', expected='null', extractExper='{"mobile_phone":"data.mobile_phone"}', dbAssert='null'}]]>
              </value>
            </param>
          </params>
          <reporter-output>
          </reporter-output>
        </test-method> <!-- user_info -->
        <test-method status="PASS" signature="user_info(com.lemon.pojo.CaseInfo)[pri:0, instance:com.lemon.testcases.GetUserInfoTest@20b5f2ac]" name="user_info" duration-ms="169" started-at="2021-08-02T21:38:15 CST" data-provider="getUserInfoDatas" finished-at="2021-08-02T21:38:15 CST">
          <params>
            <param index="0">
              <value>
                <![CDATA[CaseInfo{caseId=2, interfaceName='login', title='正常登录', requestHeader='{
 "X-Lemonban-Media-Type":"lemonban.v3",
 "Content-Type":"application/json"
}', method='POST', url='/member/login', inputParams='{
  "mobile_phone": "13324616068",
  "pwd": "lemon12345678901"
}', expected='null', extractExper='{
  "member_id": "data.id",
  "token": "data.token_info.token"
}', dbAssert='null'}]]>
              </value>
            </param>
          </params>
          <reporter-output>
          </reporter-output>
        </test-method> <!-- user_info -->
        <test-method status="PASS" signature="user_info(com.lemon.pojo.CaseInfo)[pri:0, instance:com.lemon.testcases.GetUserInfoTest@20b5f2ac]" name="user_info" duration-ms="302" started-at="2021-08-02T21:38:15 CST" data-provider="getUserInfoDatas" finished-at="2021-08-02T21:38:15 CST">
          <params>
            <param index="0">
              <value>
                <![CDATA[CaseInfo{caseId=3, interfaceName='member_info', title='正常获取用户信息', requestHeader='{
 "X-Lemonban-Media-Type":"lemonban.v3",
 "Content-Type":"application/json",
 "Authorization":"Bearer eyJhbGciOiJIUzUxMiJ9.eyJtZW1iZXJfaWQiOjEyMzQ4MDk2OSwiZXhwIjoxNjI3OTExNzk3fQ.HrYxvmeBm84J8dhN5Y_Ce1L5KIHfCjXI-kd2lH1SE_CYaJGFap28aEh1VIjtIsnt12hkm5Z1g17gVOZymscOew"
}', method='GET', url='/member/123480969/info', inputParams='{
  "timestamp": 1627911495,
  "sign":"ESoqldyo+aFJDGKTdoVb/EhmsTrEGrXSa+UjgKR4vOwXH1XTA3/nVmxDySbgl3rmJjSbN5rhUuoz
jWEyUJsVVK1hRYCoX2etYQ0iP/t2jIXxnEmdQrHtZnwSE6+/lWwZvBiVQg32YexTtVoHpglMk7r+
87bwtP3kZWxKWNvfmLA=
"
}', expected='null', extractExper='null', dbAssert='null'}]]>
              </value>
            </param>
          </params>
          <reporter-output>
          </reporter-output>
        </test-method> <!-- user_info -->
      </class> <!-- com.lemon.testcases.GetUserInfoTest -->
      <class name="com.lemon.testcases.LoginTest">
        <test-method status="PASS" signature="beforeClass()[pri:0, instance:com.lemon.testcases.LoginTest@2dbf4cbd]" name="beforeClass" is-config="true" duration-ms="530" started-at="2021-08-02T21:38:12 CST" finished-at="2021-08-02T21:38:12 CST">
          <reporter-output>
          </reporter-output>
        </test-method> <!-- beforeClass -->
        <test-method status="PASS" signature="login(com.lemon.pojo.CaseInfo)[pri:0, instance:com.lemon.testcases.LoginTest@2dbf4cbd]" name="login" duration-ms="238" started-at="2021-08-02T21:38:12 CST" data-provider="getLoginDatas" finished-at="2021-08-02T21:38:13 CST">
          <params>
            <param index="0">
              <value>
                <![CDATA[CaseInfo{caseId=2, interfaceName='login', title='正常登录', requestHeader='{
 "X-Lemonban-Media-Type":"lemonban.v3",
 "Content-Type":"application/json"
}', method='POST', url='/member/login', inputParams='{
  "mobile_phone": "13338302760",
  "pwd": "lemon12345678901"
}', expected='{
    "code": 0,
    "msg": "OK",
 "data.leave_amount":0.0,
 "data.mobile_phone":"13338302760"
}', extractExper='null', dbAssert='null'}]]>
              </value>
            </param>
          </params>
          <reporter-output>
          </reporter-output>
        </test-method> <!-- login -->
        <test-method status="PASS" signature="login(com.lemon.pojo.CaseInfo)[pri:0, instance:com.lemon.testcases.LoginTest@2dbf4cbd]" name="login" duration-ms="140" started-at="2021-08-02T21:38:13 CST" data-provider="getLoginDatas" finished-at="2021-08-02T21:38:13 CST">
          <params>
            <param index="0">
              <value>
                <![CDATA[CaseInfo{caseId=3, interfaceName='login', title='手机号为空', requestHeader='{
 "X-Lemonban-Media-Type":"lemonban.v3",
 "Content-Type":"application/json"
}', method='POST', url='/member/login', inputParams='{
  "mobile_phone": "",
  "pwd": "lemon666"
}', expected='{
  "code": 1,
  "msg": "手机号码为空"
}', extractExper='null', dbAssert='null'}]]>
              </value>
            </param>
          </params>
          <reporter-output>
          </reporter-output>
        </test-method> <!-- login -->
        <test-method status="PASS" signature="login(com.lemon.pojo.CaseInfo)[pri:0, instance:com.lemon.testcases.LoginTest@2dbf4cbd]" name="login" duration-ms="143" started-at="2021-08-02T21:38:13 CST" data-provider="getLoginDatas" finished-at="2021-08-02T21:38:13 CST">
          <params>
            <param index="0">
              <value>
                <![CDATA[CaseInfo{caseId=4, interfaceName='login', title='手机号为10位', requestHeader='{
 "X-Lemonban-Media-Type":"lemonban.v3",
 "Content-Type":"application/json"
}', method='POST', url='/member/login', inputParams='{
  "mobile_phone": "1581554176",
  "pwd": "lemon666",
  "type":"1",
  "reg_name":"mengmeng"
}', expected='{
  "code": 2,
  "msg": "无效的手机格式"
}', extractExper='null', dbAssert='null'}]]>
              </value>
            </param>
          </params>
          <reporter-output>
          </reporter-output>
        </test-method> <!-- login -->
        <test-method status="PASS" signature="login(com.lemon.pojo.CaseInfo)[pri:0, instance:com.lemon.testcases.LoginTest@2dbf4cbd]" name="login" duration-ms="146" started-at="2021-08-02T21:38:13 CST" data-provider="getLoginDatas" finished-at="2021-08-02T21:38:13 CST">
          <params>
            <param index="0">
              <value>
                <![CDATA[CaseInfo{caseId=5, interfaceName='login', title='手机号为12位', requestHeader='{
 "X-Lemonban-Media-Type":"lemonban.v3",
 "Content-Type":"application/json"
}', method='POST', url='/member/login', inputParams='{
  "mobile_phone": "158155417643",
  "pwd": "lemon666"
}', expected='{
  "code": 2,
  "msg": "无效的手机格式"
}', extractExper='null', dbAssert='null'}]]>
              </value>
            </param>
          </params>
          <reporter-output>
          </reporter-output>
        </test-method> <!-- login -->
        <test-method status="PASS" signature="login(com.lemon.pojo.CaseInfo)[pri:0, instance:com.lemon.testcases.LoginTest@2dbf4cbd]" name="login" duration-ms="131" started-at="2021-08-02T21:38:13 CST" data-provider="getLoginDatas" finished-at="2021-08-02T21:38:13 CST">
          <params>
            <param index="0">
              <value>
                <![CDATA[CaseInfo{caseId=6, interfaceName='login', title='手机号包含非数字', requestHeader='{
 "X-Lemonban-Media-Type":"lemonban.v3",
 "Content-Type":"application/json"
}', method='POST', url='/member/login', inputParams='{
  "mobile_phone": "1581554176a",
  "pwd": "lemon666"
}', expected='{
  "code": 2,
  "msg": "无效的手机格式"
}', extractExper='null', dbAssert='null'}]]>
              </value>
            </param>
          </params>
          <reporter-output>
          </reporter-output>
        </test-method> <!-- login -->
        <test-method status="PASS" signature="login(com.lemon.pojo.CaseInfo)[pri:0, instance:com.lemon.testcases.LoginTest@2dbf4cbd]" name="login" duration-ms="132" started-at="2021-08-02T21:38:13 CST" data-provider="getLoginDatas" finished-at="2021-08-02T21:38:13 CST">
          <params>
            <param index="0">
              <value>
                <![CDATA[CaseInfo{caseId=7, interfaceName='login', title='不存在的号段', requestHeader='{
 "X-Lemonban-Media-Type":"lemonban.v3",
 "Content-Type":"application/json"
}', method='POST', url='/member/login', inputParams='{
  "mobile_phone": "11015541764",
  "pwd": "lemon666"
}', expected='{
  "code": 2,
  "msg": "无效的手机格式"
}', extractExper='null', dbAssert='null'}]]>
              </value>
            </param>
          </params>
          <reporter-output>
          </reporter-output>
        </test-method> <!-- login -->
        <test-method status="PASS" signature="login(com.lemon.pojo.CaseInfo)[pri:0, instance:com.lemon.testcases.LoginTest@2dbf4cbd]" name="login" duration-ms="169" started-at="2021-08-02T21:38:13 CST" data-provider="getLoginDatas" finished-at="2021-08-02T21:38:14 CST">
          <params>
            <param index="0">
              <value>
                <![CDATA[CaseInfo{caseId=8, interfaceName='login', title='输入未注册的手机号', requestHeader='{
 "X-Lemonban-Media-Type":"lemonban.v3",
 "Content-Type":"application/json"
}', method='POST', url='/member/login', inputParams='{
  "mobile_phone": "13323231200",
  "pwd": "lemon666"
}', expected='{
  "code": 1001,
  "msg": "账号信息错误"
}', extractExper='null', dbAssert='null'}]]>
              </value>
            </param>
          </params>
          <reporter-output>
          </reporter-output>
        </test-method> <!-- login -->
        <test-method status="PASS" signature="login(com.lemon.pojo.CaseInfo)[pri:0, instance:com.lemon.testcases.LoginTest@2dbf4cbd]" name="login" duration-ms="148" started-at="2021-08-02T21:38:14 CST" data-provider="getLoginDatas" finished-at="2021-08-02T21:38:14 CST">
          <params>
            <param index="0">
              <value>
                <![CDATA[CaseInfo{caseId=9, interfaceName='login', title='密码为空', requestHeader='{
 "X-Lemonban-Media-Type":"lemonban.v3",
 "Content-Type":"application/json"
}', method='POST', url='/member/login', inputParams='{
  "mobile_phone": "15815541764",
  "pwd": ""
}', expected='{
  "code": 1,
  "msg": "密码为空"
}', extractExper='null', dbAssert='null'}]]>
              </value>
            </param>
          </params>
          <reporter-output>
          </reporter-output>
        </test-method> <!-- login -->
        <test-method status="PASS" signature="login(com.lemon.pojo.CaseInfo)[pri:0, instance:com.lemon.testcases.LoginTest@2dbf4cbd]" name="login" duration-ms="108" started-at="2021-08-02T21:38:14 CST" data-provider="getLoginDatas" finished-at="2021-08-02T21:38:14 CST">
          <params>
            <param index="0">
              <value>
                <![CDATA[CaseInfo{caseId=10, interfaceName='login', title='密码为7位', requestHeader='{
 "X-Lemonban-Media-Type":"lemonban.v3",
 "Content-Type":"application/json"
}', method='POST', url='/member/login', inputParams='{
  "mobile_phone": "1515815541764",
  "pwd": "lemon666"
}', expected='{
  "code": 2,
  "msg": "无效的手机格式"
}', extractExper='null', dbAssert='null'}]]>
              </value>
            </param>
          </params>
          <reporter-output>
          </reporter-output>
        </test-method> <!-- login -->
        <test-method status="PASS" signature="login(com.lemon.pojo.CaseInfo)[pri:0, instance:com.lemon.testcases.LoginTest@2dbf4cbd]" name="login" duration-ms="177" started-at="2021-08-02T21:38:14 CST" data-provider="getLoginDatas" finished-at="2021-08-02T21:38:14 CST">
          <params>
            <param index="0">
              <value>
                <![CDATA[CaseInfo{caseId=11, interfaceName='login', title='密码为17位', requestHeader='{
 "X-Lemonban-Media-Type":"lemonban.v3",
 "Content-Type":"application/json"
}', method='POST', url='/member/login', inputParams='{
  "mobile_phone": "15815541764",
  "pwd": "lemon123456789012"
}', expected='{
  "code": 1001,
  "msg": "账号信息错误"
}', extractExper='null', dbAssert='null'}]]>
              </value>
            </param>
          </params>
          <reporter-output>
          </reporter-output>
        </test-method> <!-- login -->
        <test-method status="PASS" signature="login(com.lemon.pojo.CaseInfo)[pri:0, instance:com.lemon.testcases.LoginTest@2dbf4cbd]" name="login" duration-ms="166" started-at="2021-08-02T21:38:14 CST" data-provider="getLoginDatas" finished-at="2021-08-02T21:38:14 CST">
          <params>
            <param index="0">
              <value>
                <![CDATA[CaseInfo{caseId=12, interfaceName='login', title='密码错误-不区分大小写', requestHeader='{
 "X-Lemonban-Media-Type":"lemonban.v3",
 "Content-Type":"application/json"
}', method='POST', url='/member/login', inputParams='{
  "mobile_phone": "15815541764",
  "pwd": "LEMON666"
}', expected='{
  "code": 1001,
  "msg": "账号信息错误"
}', extractExper='null', dbAssert='null'}]]>
              </value>
            </param>
          </params>
          <reporter-output>
          </reporter-output>
        </test-method> <!-- login -->
        <test-method status="PASS" signature="login(com.lemon.pojo.CaseInfo)[pri:0, instance:com.lemon.testcases.LoginTest@2dbf4cbd]" name="login" duration-ms="167" started-at="2021-08-02T21:38:14 CST" data-provider="getLoginDatas" finished-at="2021-08-02T21:38:14 CST">
          <params>
            <param index="0">
              <value>
                <![CDATA[CaseInfo{caseId=13, interfaceName='login', title='密码错误-过长', requestHeader='{
 "X-Lemonban-Media-Type":"lemonban.v3",
 "Content-Type":"application/json"
}', method='POST', url='/member/login', inputParams='{
  "mobile_phone": "15815541763",
  "pwd": "lemon66666"
}', expected='{
  "code": 1001,
  "msg": "账号信息错误"
}', extractExper='null', dbAssert='null'}]]>
              </value>
            </param>
          </params>
          <reporter-output>
          </reporter-output>
        </test-method> <!-- login -->
        <test-method status="PASS" signature="login(com.lemon.pojo.CaseInfo)[pri:0, instance:com.lemon.testcases.LoginTest@2dbf4cbd]" name="login" duration-ms="159" started-at="2021-08-02T21:38:14 CST" data-provider="getLoginDatas" finished-at="2021-08-02T21:38:14 CST">
          <params>
            <param index="0">
              <value>
                <![CDATA[CaseInfo{caseId=14, interfaceName='login', title='密码错误-过短', requestHeader='{
 "X-Lemonban-Media-Type":"lemonban.v3",
 "Content-Type":"application/json"
}', method='POST', url='/member/login', inputParams='{
  "mobile_phone": "15815541763",
  "pwd": "lemon6"
}', expected='{
  "code": 1001,
  "msg": "账号信息错误"
}', extractExper='null', dbAssert='null'}]]>
              </value>
            </param>
          </params>
          <reporter-output>
          </reporter-output>
        </test-method> <!-- login -->
      </class> <!-- com.lemon.testcases.LoginTest -->
      <class name="com.lemon.testcases.InvestFlowTest">
        <test-method status="PASS" signature="beforeClass()[pri:0, instance:com.lemon.testcases.InvestFlowTest@7fc44dec]" name="beforeClass" is-config="true" duration-ms="1" started-at="2021-08-02T21:38:15 CST" finished-at="2021-08-02T21:38:15 CST">
          <reporter-output>
          </reporter-output>
        </test-method> <!-- beforeClass -->
        <test-method status="PASS" signature="investFlow(com.lemon.pojo.CaseInfo)[pri:0, instance:com.lemon.testcases.InvestFlowTest@7fc44dec]" name="investFlow" duration-ms="188" started-at="2021-08-02T21:38:15 CST" data-provider="getLoginDatas" finished-at="2021-08-02T21:38:16 CST">
          <params>
            <param index="0">
              <value>
                <![CDATA[CaseInfo{caseId=1, interfaceName='register', title='正常注册-普通用户，昵称为空，密码16位', requestHeader='{
 "X-Lemonban-Media-Type":"lemonban.v3",
 "Content-Type":"application/json"
}', method='POST', url='/member/register', inputParams='{
  "mobile_phone": "13324616068",
  "pwd": "lemon12345678901",
  "type":""
}', expected='null', extractExper='{"mobile_phone":"data.mobile_phone"}', dbAssert='null'}]]>
              </value>
            </param>
          </params>
          <reporter-output>
          </reporter-output>
        </test-method> <!-- investFlow -->
        <test-method status="PASS" signature="investFlow(com.lemon.pojo.CaseInfo)[pri:0, instance:com.lemon.testcases.InvestFlowTest@7fc44dec]" name="investFlow" duration-ms="139" started-at="2021-08-02T21:38:16 CST" data-provider="getLoginDatas" finished-at="2021-08-02T21:38:16 CST">
          <params>
            <param index="0">
              <value>
                <![CDATA[CaseInfo{caseId=2, interfaceName='login', title='正常登录', requestHeader='{
 "X-Lemonban-Media-Type":"lemonban.v3",
 "Content-Type":"application/json"
}', method='POST', url='/member/login', inputParams='{
  "mobile_phone": "null",
  "pwd": "lemon12345678901"
}', expected='null', extractExper='{
  "member_id": "data.id",
  "token": "data.token_info.token"
}', dbAssert='null'}]]>
              </value>
            </param>
          </params>
          <reporter-output>
          </reporter-output>
        </test-method> <!-- investFlow -->
        <test-method status="PASS" signature="investFlow(com.lemon.pojo.CaseInfo)[pri:0, instance:com.lemon.testcases.InvestFlowTest@7fc44dec]" name="investFlow" duration-ms="88" started-at="2021-08-02T21:38:16 CST" data-provider="getLoginDatas" finished-at="2021-08-02T21:38:16 CST">
          <params>
            <param index="0">
              <value>
                <![CDATA[CaseInfo{caseId=3, interfaceName='member_info', title='正常获取用户信息', requestHeader='{
 "X-Lemonban-Media-Type":"lemonban.v3",
 "Content-Type":"application/json",
 "Authorization":"Bearer null"
}', method='GET', url='/member/null/info', inputParams='{
  "timestamp": 1627911495,
  "sign":"ESoqldyo+aFJDGKTdoVb/EhmsTrEGrXSa+UjgKR4vOwXH1XTA3/nVmxDySbgl3rmJjSbN5rhUuoz
jWEyUJsVVK1hRYCoX2etYQ0iP/t2jIXxnEmdQrHtZnwSE6+/lWwZvBiVQg32YexTtVoHpglMk7r+
87bwtP3kZWxKWNvfmLA=
"
}', expected='null', extractExper='null', dbAssert='null'}]]>
              </value>
            </param>
          </params>
          <reporter-output>
          </reporter-output>
        </test-method> <!-- investFlow -->
      </class> <!-- com.lemon.testcases.InvestFlowTest -->
      <class name="com.lemon.testcases.RegisterTest">
        <test-method status="PASS" signature="beforeSuite()[pri:0, instance:com.lemon.testcases.RegisterTest@4d098f9b]" name="beforeSuite" is-config="true" duration-ms="1710" started-at="2021-08-02T21:38:00 CST" finished-at="2021-08-02T21:38:02 CST">
          <reporter-output>
          </reporter-output>
        </test-method> <!-- beforeSuite -->
        <test-method status="PASS" signature="setup()[pri:0, instance:com.lemon.testcases.RegisterTest@4d098f9b]" name="setup" is-config="true" duration-ms="1821" started-at="2021-08-02T21:38:02 CST" finished-at="2021-08-02T21:38:04 CST">
          <reporter-output>
          </reporter-output>
        </test-method> <!-- setup -->
        <test-method status="FAIL" signature="register(com.lemon.pojo.CaseInfo)[pri:0, instance:com.lemon.testcases.RegisterTest@4d098f9b]" name="register" duration-ms="4153" started-at="2021-08-02T21:38:05 CST" data-provider="getRegisterDatas" finished-at="2021-08-02T21:38:09 CST">
          <params>
            <param index="0">
              <value>
                <![CDATA[CaseInfo{caseId=1, interfaceName='register', title='正常注册-普通用户，昵称为空，密码16位', requestHeader='{
 "X-Lemonban-Media-Type":"lemonban.v2",
 "Content-Type":"application/json"
}', method='POST', url='/member/register', inputParams='{
  "mobile_phone": "13300718363",
  "pwd": "lemon12345678901",
  "type":""
}', expected='{
    "code": 1,
    "msg": "OK",
    "data.reg_name":"小柠檬",
 "data.mobile_phone":"13300718363"
}', extractExper='null', dbAssert='{
 "select count(*) from member where mobile_phone='13329334510'; " : 1
}'}]]>
              </value>
            </param>
          </params>
          <exception class="java.lang.AssertionError">
            <message>
              <![CDATA[expected [1] but found [0]]]>
            </message>
            <full-stacktrace>
              <![CDATA[java.lang.AssertionError: expected [1] but found [0]
at org.testng.Assert.fail(Assert.java:97)
at org.testng.Assert.assertEqualsImpl(Assert.java:136)
at org.testng.Assert.assertEquals(Assert.java:118)
at org.testng.Assert.assertEquals(Assert.java:563)
at com.lemon.common.BaseTest.assertResponse(BaseTest.java:119)
at com.lemon.testcases.RegisterTest.register(RegisterTest.java:50)
at sun.reflect.NativeMethodAccessorImpl.invoke0(Native Method)
at sun.reflect.NativeMethodAccessorImpl.invoke(NativeMethodAccessorImpl.java:62)
at sun.reflect.DelegatingMethodAccessorImpl.invoke(DelegatingMethodAccessorImpl.java:43)
at java.lang.reflect.Method.invoke(Method.java:498)
at org.testng.internal.MethodInvocationHelper.invokeMethod(MethodInvocationHelper.java:133)
at org.testng.internal.TestInvoker.invokeMethod(TestInvoker.java:584)
at org.testng.internal.TestInvoker.invokeTestMethod(TestInvoker.java:172)
at org.testng.internal.MethodRunner.runInSequence(MethodRunner.java:46)
at org.testng.internal.TestInvoker$MethodInvocationAgent.invoke(TestInvoker.java:804)
at org.testng.internal.TestInvoker.invokeTestMethods(TestInvoker.java:145)
at org.testng.internal.TestMethodWorker.invokeTestMethods(TestMethodWorker.java:146)
at org.testng.internal.TestMethodWorker.run(TestMethodWorker.java:128)
at java.util.ArrayList.forEach(ArrayList.java:1249)
at org.testng.TestRunner.privateRun(TestRunner.java:770)
at org.testng.TestRunner.run(TestRunner.java:591)
at org.testng.SuiteRunner.runTest(SuiteRunner.java:402)
at org.testng.SuiteRunner.runSequentially(SuiteRunner.java:396)
at org.testng.SuiteRunner.privateRun(SuiteRunner.java:355)
at org.testng.SuiteRunner.run(SuiteRunner.java:304)
at org.testng.SuiteRunnerWorker.runSuite(SuiteRunnerWorker.java:53)
at org.testng.SuiteRunnerWorker.run(SuiteRunnerWorker.java:96)
at org.testng.TestNG.runSuitesSequentially(TestNG.java:1180)
at org.testng.TestNG.runSuitesLocally(TestNG.java:1102)
at org.testng.TestNG.runSuites(TestNG.java:1032)
at org.testng.TestNG.run(TestNG.java:1000)
at org.apache.maven.surefire.testng.TestNGExecutor.run(TestNGExecutor.java:283)
at org.apache.maven.surefire.testng.TestNGXmlTestSuite.execute(TestNGXmlTestSuite.java:75)
at org.apache.maven.surefire.testng.TestNGProvider.invoke(TestNGProvider.java:120)
at org.apache.maven.surefire.booter.ForkedBooter.invokeProviderInSameClassLoader(ForkedBooter.java:384)
at org.apache.maven.surefire.booter.ForkedBooter.runSuitesInProcess(ForkedBooter.java:345)
at org.apache.maven.surefire.booter.ForkedBooter.execute(ForkedBooter.java:126)
at org.apache.maven.surefire.booter.ForkedBooter.main(ForkedBooter.java:418)
]]>
            </full-stacktrace>
          </exception> <!-- java.lang.AssertionError -->
          <reporter-output>
          </reporter-output>
        </test-method> <!-- register -->
        <test-method status="PASS" signature="register(com.lemon.pojo.CaseInfo)[pri:0, instance:com.lemon.testcases.RegisterTest@4d098f9b]" name="register" duration-ms="346" started-at="2021-08-02T21:38:09 CST" data-provider="getRegisterDatas" finished-at="2021-08-02T21:38:10 CST">
          <params>
            <param index="0">
              <value>
                <![CDATA[CaseInfo{caseId=2, interfaceName='register', title='正常注册-普通用户，type为空，密码8位', requestHeader='{
 "X-Lemonban-Media-Type":"lemonban.v2",
 "Content-Type":"application/json"
}', method='POST', url='/member/register', inputParams='{
  "mobile_phone": "13337638761",
  "pwd": "lemon666",
  "type":"",
  "reg_name":"tudou"
}', expected='{
    "code": 0,
    "msg": "OK",
    "data.reg_name":"tudou",
 "data.mobile_phone":"13337638761"
}', extractExper='null', dbAssert='null'}]]>
              </value>
            </param>
          </params>
          <reporter-output>
          </reporter-output>
        </test-method> <!-- register -->
        <test-method status="PASS" signature="register(com.lemon.pojo.CaseInfo)[pri:0, instance:com.lemon.testcases.RegisterTest@4d098f9b]" name="register" duration-ms="338" started-at="2021-08-02T21:38:10 CST" data-provider="getRegisterDatas" finished-at="2021-08-02T21:38:10 CST">
          <params>
            <param index="0">
              <value>
                <![CDATA[CaseInfo{caseId=3, interfaceName='register', title='正常注册-普通用户，昵称为空，密码16位', requestHeader='{
 "X-Lemonban-Media-Type":"lemonban.v2",
 "Content-Type":"application/json"
}', method='POST', url='/member/register', inputParams='{
  "mobile_phone": "13328431156",
  "pwd": "lemon12345678901",
  "type":"1",
  "reg_name":""
}', expected='{
    "code": 0,
    "msg": "OK",
    "data.reg_name":"",
 "data.mobile_phone":"13328431156"
}', extractExper='null', dbAssert='null'}]]>
              </value>
            </param>
          </params>
          <reporter-output>
          </reporter-output>
        </test-method> <!-- register -->
        <test-method status="PASS" signature="register(com.lemon.pojo.CaseInfo)[pri:0, instance:com.lemon.testcases.RegisterTest@4d098f9b]" name="register" duration-ms="185" started-at="2021-08-02T21:38:10 CST" data-provider="getRegisterDatas" finished-at="2021-08-02T21:38:10 CST">
          <params>
            <param index="0">
              <value>
                <![CDATA[CaseInfo{caseId=4, interfaceName='register', title='手机号为空', requestHeader='{
 "X-Lemonban-Media-Type":"lemonban.v2",
 "Content-Type":"application/json"
}', method='POST', url='/member/register', inputParams='{
  "mobile_phone": "",
  "pwd": "lemon666",
  "type":"1",
  "reg_name":"mengmeng"
}', expected='{
  "code": 1,
  "msg": "手机号为空"
}', extractExper='null', dbAssert='null'}]]>
              </value>
            </param>
          </params>
          <reporter-output>
          </reporter-output>
        </test-method> <!-- register -->
        <test-method status="PASS" signature="register(com.lemon.pojo.CaseInfo)[pri:0, instance:com.lemon.testcases.RegisterTest@4d098f9b]" name="register" duration-ms="160" started-at="2021-08-02T21:38:10 CST" data-provider="getRegisterDatas" finished-at="2021-08-02T21:38:10 CST">
          <params>
            <param index="0">
              <value>
                <![CDATA[CaseInfo{caseId=5, interfaceName='register', title='手机号为10位', requestHeader='{
 "X-Lemonban-Media-Type":"lemonban.v2",
 "Content-Type":"application/json"
}', method='POST', url='/member/register', inputParams='{
  "mobile_phone": "1581554176",
  "pwd": "lemon666",
  "type":"1",
  "reg_name":"mengmeng"
}', expected='{
  "code": 2,
  "msg": "无效的手机格式"
}', extractExper='null', dbAssert='null'}]]>
              </value>
            </param>
          </params>
          <reporter-output>
          </reporter-output>
        </test-method> <!-- register -->
        <test-method status="PASS" signature="register(com.lemon.pojo.CaseInfo)[pri:0, instance:com.lemon.testcases.RegisterTest@4d098f9b]" name="register" duration-ms="192" started-at="2021-08-02T21:38:10 CST" data-provider="getRegisterDatas" finished-at="2021-08-02T21:38:11 CST">
          <params>
            <param index="0">
              <value>
                <![CDATA[CaseInfo{caseId=6, interfaceName='register', title='手机号为12位', requestHeader='{
 "X-Lemonban-Media-Type":"lemonban.v2",
 "Content-Type":"application/json"
}', method='POST', url='/member/register', inputParams='{
  "mobile_phone": "158155417633",
  "pwd": "lemon666",
  "type":"1",
  "reg_name":"mengmeng"
}', expected='{
  "code": 2,
  "msg": "无效的手机格式"
}', extractExper='null', dbAssert='null'}]]>
              </value>
            </param>
          </params>
          <reporter-output>
          </reporter-output>
        </test-method> <!-- register -->
        <test-method status="PASS" signature="register(com.lemon.pojo.CaseInfo)[pri:0, instance:com.lemon.testcases.RegisterTest@4d098f9b]" name="register" duration-ms="156" started-at="2021-08-02T21:38:11 CST" data-provider="getRegisterDatas" finished-at="2021-08-02T21:38:11 CST">
          <params>
            <param index="0">
              <value>
                <![CDATA[CaseInfo{caseId=7, interfaceName='register', title='手机号包含非数字', requestHeader='{
 "X-Lemonban-Media-Type":"lemonban.v2",
 "Content-Type":"application/json"
}', method='POST', url='/member/register', inputParams='{
  "mobile_phone": "1581554176a",
  "pwd": "lemon123456",
  "type":"1",
  "reg_name":"mengmeng"
}', expected='{
  "code": 2,
  "msg": "无效的手机格式"
}', extractExper='null', dbAssert='null'}]]>
              </value>
            </param>
          </params>
          <reporter-output>
          </reporter-output>
        </test-method> <!-- register -->
        <test-method status="PASS" signature="register(com.lemon.pojo.CaseInfo)[pri:0, instance:com.lemon.testcases.RegisterTest@4d098f9b]" name="register" duration-ms="147" started-at="2021-08-02T21:38:11 CST" data-provider="getRegisterDatas" finished-at="2021-08-02T21:38:11 CST">
          <params>
            <param index="0">
              <value>
                <![CDATA[CaseInfo{caseId=8, interfaceName='register', title='手机号为不存在的号段', requestHeader='{
 "X-Lemonban-Media-Type":"lemonban.v2",
 "Content-Type":"application/json"
}', method='POST', url='/member/register', inputParams='{
  "mobile_phone": "11015541763",
  "pwd": "lemon123456",
  "type":"1",
  "reg_name":"mengmeng"
}', expected='{
  "code": 2,
  "msg": "无效的手机格式"
}', extractExper='null', dbAssert='null'}]]>
              </value>
            </param>
          </params>
          <reporter-output>
          </reporter-output>
        </test-method> <!-- register -->
        <test-method status="PASS" signature="register(com.lemon.pojo.CaseInfo)[pri:0, instance:com.lemon.testcases.RegisterTest@4d098f9b]" name="register" duration-ms="179" started-at="2021-08-02T21:38:11 CST" data-provider="getRegisterDatas" finished-at="2021-08-02T21:38:11 CST">
          <params>
            <param index="0">
              <value>
                <![CDATA[CaseInfo{caseId=9, interfaceName='register', title='手机号输入已注册号码', requestHeader='{
 "X-Lemonban-Media-Type":"lemonban.v2",
 "Content-Type":"application/json"
}', method='POST', url='/member/register', inputParams='{
  "mobile_phone": "15815541764",
  "pwd": "lemon666",
  "type":"1",
  "reg_name":"mengmeng"
}', expected='{
  "code": 2,
  "msg": "账号已存在"
}', extractExper='null', dbAssert='null'}]]>
              </value>
            </param>
          </params>
          <reporter-output>
          </reporter-output>
        </test-method> <!-- register -->
        <test-method status="PASS" signature="register(com.lemon.pojo.CaseInfo)[pri:0, instance:com.lemon.testcases.RegisterTest@4d098f9b]" name="register" duration-ms="160" started-at="2021-08-02T21:38:11 CST" data-provider="getRegisterDatas" finished-at="2021-08-02T21:38:11 CST">
          <params>
            <param index="0">
              <value>
                <![CDATA[CaseInfo{caseId=10, interfaceName='register', title='密码为空', requestHeader='{
 "X-Lemonban-Media-Type":"lemonban.v2",
 "Content-Type":"application/json"
}', method='POST', url='/member/register', inputParams='{
  "mobile_phone": "15815541766",
  "pwd": "",
  "type":"1",
  "reg_name":"mengmeng"
}', expected='{
  "code": 1,
  "msg": "密码为空"
}', extractExper='null', dbAssert='null'}]]>
              </value>
            </param>
          </params>
          <reporter-output>
          </reporter-output>
        </test-method> <!-- register -->
        <test-method status="PASS" signature="register(com.lemon.pojo.CaseInfo)[pri:0, instance:com.lemon.testcases.RegisterTest@4d098f9b]" name="register" duration-ms="171" started-at="2021-08-02T21:38:11 CST" data-provider="getRegisterDatas" finished-at="2021-08-02T21:38:11 CST">
          <params>
            <param index="0">
              <value>
                <![CDATA[CaseInfo{caseId=11, interfaceName='register', title='密码为7位', requestHeader='{
 "X-Lemonban-Media-Type":"lemonban.v2",
 "Content-Type":"application/json"
}', method='POST', url='/member/register', inputParams='{
  "mobile_phone": "15815541766",
  "pwd": "lemon66",
  "type":"1",
  "reg_name":"mengmeng"
}', expected='{
  "code": 2,
  "msg": "密码格式为8到16位"
}', extractExper='null', dbAssert='null'}]]>
              </value>
            </param>
          </params>
          <reporter-output>
          </reporter-output>
        </test-method> <!-- register -->
        <test-method status="PASS" signature="register(com.lemon.pojo.CaseInfo)[pri:0, instance:com.lemon.testcases.RegisterTest@4d098f9b]" name="register" duration-ms="147" started-at="2021-08-02T21:38:11 CST" data-provider="getRegisterDatas" finished-at="2021-08-02T21:38:12 CST">
          <params>
            <param index="0">
              <value>
                <![CDATA[CaseInfo{caseId=12, interfaceName='register', title='密码为17位', requestHeader='{
 "X-Lemonban-Media-Type":"lemonban.v2",
 "Content-Type":"application/json"
}', method='POST', url='/member/register', inputParams='{
  "mobile_phone": "15815541766",
  "pwd": "lemon123456789012",
  "type":"1",
  "reg_name":"mengmeng"
}', expected='{
  "code": 2,
  "msg": "密码格式为8到16位"
}', extractExper='null', dbAssert='null'}]]>
              </value>
            </param>
          </params>
          <reporter-output>
          </reporter-output>
        </test-method> <!-- register -->
        <test-method status="PASS" signature="register(com.lemon.pojo.CaseInfo)[pri:0, instance:com.lemon.testcases.RegisterTest@4d098f9b]" name="register" duration-ms="132" started-at="2021-08-02T21:38:12 CST" data-provider="getRegisterDatas" finished-at="2021-08-02T21:38:12 CST">
          <params>
            <param index="0">
              <value>
                <![CDATA[CaseInfo{caseId=13, interfaceName='register', title='type输入非0、1', requestHeader='{
 "X-Lemonban-Media-Type":"lemonban.v2",
 "Content-Type":"application/json"
}', method='POST', url='/member/register', inputParams='{
  "mobile_phone": "15815541766",
  "pwd": "lemon666",
  "type":"3",
  "reg_name":"mengmeng"
}', expected='{
  "code": 2,
  "msg": "不支持的用户类型"
}', extractExper='null', dbAssert='null'}]]>
              </value>
            </param>
          </params>
          <reporter-output>
          </reporter-output>
        </test-method> <!-- register -->
        <test-method status="PASS" signature="register(com.lemon.pojo.CaseInfo)[pri:0, instance:com.lemon.testcases.RegisterTest@4d098f9b]" name="register" duration-ms="124" started-at="2021-08-02T21:38:12 CST" data-provider="getRegisterDatas" finished-at="2021-08-02T21:38:12 CST">
          <params>
            <param index="0">
              <value>
                <![CDATA[CaseInfo{caseId=14, interfaceName='register', title='昵称超出10位', requestHeader='{
 "X-Lemonban-Media-Type":"lemonban.v2",
 "Content-Type":"application/json"
}', method='POST', url='/member/register', inputParams='{
  "mobile_phone": "15815541766",
  "pwd": "lemon666",
  "type":"1",
  "reg_name":"小柠檬mengmeng"
}', expected='{
  "code": 2,
  "msg": "用户昵称长度超过10位"
}', extractExper='null', dbAssert='null'}]]>
              </value>
            </param>
          </params>
          <reporter-output>
          </reporter-output>
        </test-method> <!-- register -->
      </class> <!-- com.lemon.testcases.RegisterTest -->
    </test> <!-- 测试 -->
  </suite> <!-- 测试套件 -->
</testng-results>
